# JRE version: OpenJDK Runtime Environment Temurin-21.0.9+10 (21.0.9+10) (build 21.0.9+10-LTS)
# Java VM: OpenJDK 64-Bit Server VM Temurin-21.0.9+10 (21.0.9+10-LTS, mixed mode, sharing, tiered, compressed oops, compressed class ptrs, parallel gc, windows-amd64)
GC Precious Log:
 CardTable entry size: 512
 CPUs: 16 total, 16 available
 Memory: 16003M
 Large Page Support: Disabled
 NUMA Support: Disabled
 Compressed Oops: Enabled (32-bit)
 Alignments: Space 512K, Generation 512K, Heap 2M
 Heap Min Capacity: 100M
 Heap Initial Capacity: 100M
 Heap Max Capacity: 2G
 Pre-touch: Disabled
 Parallel Workers: 13
Heap:
 PSYoungGen      total 19456K, used 4315K [0x00000000d5580000, 0x00000000d6b00000, 0x0000000100000000)
  eden space 17920K, 15% used [0x00000000d5580000,0x00000000d5838b60,0x00000000d6700000)
  from space 1536K, 99% used [0x00000000d6980000,0x00000000d6afe200,0x00000000d6b00000)
  to   space 2048K, 0% used [0x00000000d6780000,0x00000000d6780000,0x00000000d6980000)
 ParOldGen       total 68608K, used 44660K [0x0000000080000000, 0x0000000084300000, 0x00000000d5580000)
  object space 68608K, 65% used [0x0000000080000000,0x0000000082b9d3f8,0x0000000084300000)
 Metaspace       used 50242K, committed 51584K, reserved 1114112K
  class space    used 5437K, committed 6016K, reserved 1048576K
GC Heap History (20 events):
Event: 4.559 GC heap before
{Heap before GC invocations=23 (full 2):
 PSYoungGen      total 19456K, used 19255K [0x00000000d5580000, 0x00000000d6c80000, 0x0000000100000000)
  eden space 17920K, 100% used [0x00000000d5580000,0x00000000d6700000,0x00000000d6700000)
  from space 1536K, 86% used [0x00000000d6b00000,0x00000000d6c4dc10,0x00000000d6c80000)
  to   space 1536K, 0% used [0x00000000d6980000,0x00000000d6980000,0x00000000d6b00000)
 ParOldGen       total 68608K, used 30126K [0x0000000080000000, 0x0000000084300000, 0x00000000d5580000)
  object space 68608K, 43% used [0x0000000080000000,0x0000000081d6b928,0x0000000084300000)
 Metaspace       used 47457K, committed 48768K, reserved 1114112K
  class space    used 5177K, committed 5696K, reserved 1048576K
}
Event: 4.560 GC heap after
{Heap after GC invocations=23 (full 2):
 PSYoungGen      total 19456K, used 1080K [0x00000000d5580000, 0x00000000d6b80000, 0x0000000100000000)
  eden space 17920K, 0% used [0x00000000d5580000,0x00000000d5580000,0x00000000d6700000)
  from space 1536K, 70% used [0x00000000d6980000,0x00000000d6a8e1a8,0x00000000d6b00000)
  to   space 512K, 0% used [0x00000000d6b00000,0x00000000d6b00000,0x00000000d6b80000)
 ParOldGen       total 68608K, used 31067K [0x0000000080000000, 0x0000000084300000, 0x00000000d5580000)
  object space 68608K, 45% used [0x0000000080000000,0x0000000081e56d08,0x0000000084300000)
 Metaspace       used 47457K, committed 48768K, reserved 1114112K
  class space    used 5177K, committed 5696K, reserved 1048576K
}
Event: 4.681 GC heap before
{Heap before GC invocations=24 (full 2):
 PSYoungGen      total 19456K, used 19000K [0x00000000d5580000, 0x00000000d6b80000, 0x0000000100000000)
  eden space 17920K, 100% used [0x00000000d5580000,0x00000000d6700000,0x00000000d6700000)
  from space 1536K, 70% used [0x00000000d6980000,0x00000000d6a8e1a8,0x00000000d6b00000)
  to   space 512K, 0% used [0x00000000d6b00000,0x00000000d6b00000,0x00000000d6b80000)
 ParOldGen       total 68608K, used 31067K [0x0000000080000000, 0x0000000084300000, 0x00000000d5580000)
  object space 68608K, 45% used [0x0000000080000000,0x0000000081e56d08,0x0000000084300000)
 Metaspace       used 49009K, committed 50368K, reserved 1114112K
  class space    used 5313K, committed 5888K, reserved 1048576K
}
Event: 4.682 GC heap after
{Heap after GC invocations=24 (full 2):
 PSYoungGen      total 18432K, used 496K [0x00000000d5580000, 0x00000000d6c00000, 0x0000000100000000)
  eden space 17920K, 0% used [0x00000000d5580000,0x00000000d5580000,0x00000000d6700000)
  from space 512K, 96% used [0x00000000d6b00000,0x00000000d6b7c030,0x00000000d6b80000)
  to   space 2560K, 0% used [0x00000000d6700000,0x00000000d6700000,0x00000000d6980000)
 ParOldGen       total 68608K, used 32481K [0x0000000080000000, 0x0000000084300000, 0x00000000d5580000)
  object space 68608K, 47% used [0x0000000080000000,0x0000000081fb8730,0x0000000084300000)
 Metaspace       used 49009K, committed 50368K, reserved 1114112K
  class space    used 5313K, committed 5888K, reserved 1048576K
}
Event: 4.710 GC heap before
{Heap before GC invocations=25 (full 2):
 PSYoungGen      total 18432K, used 18416K [0x00000000d5580000, 0x00000000d6c00000, 0x0000000100000000)
  eden space 17920K, 100% used [0x00000000d5580000,0x00000000d6700000,0x00000000d6700000)
  from space 512K, 96% used [0x00000000d6b00000,0x00000000d6b7c030,0x00000000d6b80000)
  to   space 2560K, 0% used [0x00000000d6700000,0x00000000d6700000,0x00000000d6980000)
 ParOldGen       total 68608K, used 32481K [0x0000000080000000, 0x0000000084300000, 0x00000000d5580000)
  object space 68608K, 47% used [0x0000000080000000,0x0000000081fb8730,0x0000000084300000)
 Metaspace       used 49352K, committed 50752K, reserved 1114112K
  class space    used 5343K, committed 5952K, reserved 1048576K
}
Event: 4.711 GC heap after
{Heap after GC invocations=25 (full 2):
 PSYoungGen      total 20480K, used 1760K [0x00000000d5580000, 0x00000000d6b80000, 0x0000000100000000)
  eden space 17920K, 0% used [0x00000000d5580000,0x00000000d5580000,0x00000000d6700000)
  from space 2560K, 68% used [0x00000000d6700000,0x00000000d68b8030,0x00000000d6980000)
  to   space 2048K, 0% used [0x00000000d6980000,0x00000000d6980000,0x00000000d6b80000)
 ParOldGen       total 68608K, used 32985K [0x0000000080000000, 0x0000000084300000, 0x00000000d5580000)
  object space 68608K, 48% used [0x0000000080000000,0x0000000082036770,0x0000000084300000)
 Metaspace       used 49352K, committed 50752K, reserved 1114112K
  class space    used 5343K, committed 5952K, reserved 1048576K
}
Event: 4.746 GC heap before
{Heap before GC invocations=26 (full 2):
 PSYoungGen      total 20480K, used 19670K [0x00000000d5580000, 0x00000000d6b80000, 0x0000000100000000)
  eden space 17920K, 99% used [0x00000000d5580000,0x00000000d66fd920,0x00000000d6700000)
  from space 2560K, 68% used [0x00000000d6700000,0x00000000d68b8030,0x00000000d6980000)
  to   space 2048K, 0% used [0x00000000d6980000,0x00000000d6980000,0x00000000d6b80000)
 ParOldGen       total 68608K, used 32985K [0x0000000080000000, 0x0000000084300000, 0x00000000d5580000)
  object space 68608K, 48% used [0x0000000080000000,0x0000000082036770,0x0000000084300000)
 Metaspace       used 49505K, committed 50880K, reserved 1114112K
  class space    used 5367K, committed 5952K, reserved 1048576K
}
Event: 4.747 GC heap after
{Heap after GC invocations=26 (full 2):
 PSYoungGen      total 19968K, used 1986K [0x00000000d5580000, 0x00000000d6b80000, 0x0000000100000000)
  eden space 17920K, 0% used [0x00000000d5580000,0x00000000d5580000,0x00000000d6700000)
  from space 2048K, 96% used [0x00000000d6980000,0x00000000d6b70800,0x00000000d6b80000)
  to   space 2048K, 0% used [0x00000000d6780000,0x00000000d6780000,0x00000000d6980000)
 ParOldGen       total 68608K, used 34505K [0x0000000080000000, 0x0000000084300000, 0x00000000d5580000)
  object space 68608K, 50% used [0x0000000080000000,0x00000000821b27a0,0x0000000084300000)
 Metaspace       used 49505K, committed 50880K, reserved 1114112K
  class space    used 5367K, committed 5952K, reserved 1048576K
}
Event: 4.782 GC heap before
{Heap before GC invocations=27 (full 2):
 PSYoungGen      total 19968K, used 19906K [0x00000000d5580000, 0x00000000d6b80000, 0x0000000100000000)
  eden space 17920K, 100% used [0x00000000d5580000,0x00000000d6700000,0x00000000d6700000)
  from space 2048K, 96% used [0x00000000d6980000,0x00000000d6b70800,0x00000000d6b80000)
  to   space 2048K, 0% used [0x00000000d6780000,0x00000000d6780000,0x00000000d6980000)
 ParOldGen       total 68608K, used 34505K [0x0000000080000000, 0x0000000084300000, 0x00000000d5580000)
  object space 68608K, 50% used [0x0000000080000000,0x00000000821b27a0,0x0000000084300000)
 Metaspace       used 49753K, committed 51136K, reserved 1114112K
  class space    used 5402K, committed 6016K, reserved 1048576K
}
Event: 4.783 GC heap after
{Heap after GC invocations=27 (full 2):
 PSYoungGen      total 19968K, used 1888K [0x00000000d5580000, 0x00000000d6b00000, 0x0000000100000000)
  eden space 17920K, 0% used [0x00000000d5580000,0x00000000d5580000,0x00000000d6700000)
  from space 2048K, 92% used [0x00000000d6780000,0x00000000d6958020,0x00000000d6980000)
  to   space 1536K, 0% used [0x00000000d6980000,0x00000000d6980000,0x00000000d6b00000)
 ParOldGen       total 68608K, used 36299K [0x0000000080000000, 0x0000000084300000, 0x00000000d5580000)
  object space 68608K, 52% used [0x0000000080000000,0x0000000082372fa0,0x0000000084300000)
 Metaspace       used 49753K, committed 51136K, reserved 1114112K
  class space    used 5402K, committed 6016K, reserved 1048576K
}
Event: 4.809 GC heap before
{Heap before GC invocations=28 (full 2):
 PSYoungGen      total 19968K, used 19808K [0x00000000d5580000, 0x00000000d6b00000, 0x0000000100000000)
  eden space 17920K, 100% used [0x00000000d5580000,0x00000000d6700000,0x00000000d6700000)
  from space 2048K, 92% used [0x00000000d6780000,0x00000000d6958020,0x00000000d6980000)
  to   space 1536K, 0% used [0x00000000d6980000,0x00000000d6980000,0x00000000d6b00000)
 ParOldGen       total 68608K, used 36299K [0x0000000080000000, 0x0000000084300000, 0x00000000d5580000)
  object space 68608K, 52% used [0x0000000080000000,0x0000000082372fa0,0x0000000084300000)
 Metaspace       used 49765K, committed 51136K, reserved 1114112K
  class space    used 5402K, committed 6016K, reserved 1048576K
}
Event: 4.811 GC heap after
{Heap after GC invocations=28 (full 2):
 PSYoungGen      total 19456K, used 1536K [0x00000000d5580000, 0x00000000d6b00000, 0x0000000100000000)
  eden space 17920K, 0% used [0x00000000d5580000,0x00000000d5580000,0x00000000d6700000)
  from space 1536K, 100% used [0x00000000d6980000,0x00000000d6b00000,0x00000000d6b00000)
  to   space 2048K, 0% used [0x00000000d6780000,0x00000000d6780000,0x00000000d6980000)
 ParOldGen       total 68608K, used 38098K [0x0000000080000000, 0x0000000084300000, 0x00000000d5580000)
  object space 68608K, 55% used [0x0000000080000000,0x0000000082534a60,0x0000000084300000)
 Metaspace       used 49765K, committed 51136K, reserved 1114112K
  class space    used 5402K, committed 6016K, reserved 1048576K
}
Event: 4.832 GC heap before
{Heap before GC invocations=29 (full 2):
 PSYoungGen      total 19456K, used 19456K [0x00000000d5580000, 0x00000000d6b00000, 0x0000000100000000)
  eden space 17920K, 100% used [0x00000000d5580000,0x00000000d6700000,0x00000000d6700000)
  from space 1536K, 100% used [0x00000000d6980000,0x00000000d6b00000,0x00000000d6b00000)
  to   space 2048K, 0% used [0x00000000d6780000,0x00000000d6780000,0x00000000d6980000)
 ParOldGen       total 68608K, used 38098K [0x0000000080000000, 0x0000000084300000, 0x00000000d5580000)
  object space 68608K, 55% used [0x0000000080000000,0x0000000082534a60,0x0000000084300000)
 Metaspace       used 49774K, committed 51136K, reserved 1114112K
  class space    used 5403K, committed 6016K, reserved 1048576K
}
Event: 4.833 GC heap after
{Heap after GC invocations=29 (full 2):
 PSYoungGen      total 19968K, used 1828K [0x00000000d5580000, 0x00000000d6c00000, 0x0000000100000000)
  eden space 17920K, 0% used [0x00000000d5580000,0x00000000d5580000,0x00000000d6700000)
  from space 2048K, 89% used [0x00000000d6780000,0x00000000d6949000,0x00000000d6980000)
  to   space 2560K, 0% used [0x00000000d6980000,0x00000000d6980000,0x00000000d6c00000)
 ParOldGen       total 68608K, used 39655K [0x0000000080000000, 0x0000000084300000, 0x00000000d5580000)
  object space 68608K, 57% used [0x0000000080000000,0x00000000826b9dc0,0x0000000084300000)
 Metaspace       used 49774K, committed 51136K, reserved 1114112K
  class space    used 5403K, committed 6016K, reserved 1048576K
}
Event: 4.856 GC heap before
{Heap before GC invocations=30 (full 2):
 PSYoungGen      total 19968K, used 19748K [0x00000000d5580000, 0x00000000d6c00000, 0x0000000100000000)
  eden space 17920K, 100% used [0x00000000d5580000,0x00000000d6700000,0x00000000d6700000)
  from space 2048K, 89% used [0x00000000d6780000,0x00000000d6949000,0x00000000d6980000)
  to   space 2560K, 0% used [0x00000000d6980000,0x00000000d6980000,0x00000000d6c00000)
 ParOldGen       total 68608K, used 39655K [0x0000000080000000, 0x0000000084300000, 0x00000000d5580000)
  object space 68608K, 57% used [0x0000000080000000,0x00000000826b9dc0,0x0000000084300000)
 Metaspace       used 49777K, committed 51136K, reserved 1114112K
  class space    used 5403K, committed 6016K, reserved 1048576K
}
Event: 4.857 GC heap after
{Heap after GC invocations=30 (full 2):
 PSYoungGen      total 19968K, used 1984K [0x00000000d5580000, 0x00000000d6b80000, 0x0000000100000000)
  eden space 17920K, 0% used [0x00000000d5580000,0x00000000d5580000,0x00000000d6700000)
  from space 2048K, 96% used [0x00000000d6980000,0x00000000d6b70010,0x00000000d6b80000)
  to   space 2048K, 0% used [0x00000000d6780000,0x00000000d6780000,0x00000000d6980000)
 ParOldGen       total 68608K, used 41316K [0x0000000080000000, 0x0000000084300000, 0x00000000d5580000)
  object space 68608K, 60% used [0x0000000080000000,0x00000000828593e8,0x0000000084300000)
 Metaspace       used 49777K, committed 51136K, reserved 1114112K
  class space    used 5403K, committed 6016K, reserved 1048576K
}
Event: 4.890 GC heap before
{Heap before GC invocations=31 (full 2):
 PSYoungGen      total 19968K, used 19904K [0x00000000d5580000, 0x00000000d6b80000, 0x0000000100000000)
  eden space 17920K, 100% used [0x00000000d5580000,0x00000000d6700000,0x00000000d6700000)
  from space 2048K, 96% used [0x00000000d6980000,0x00000000d6b70010,0x00000000d6b80000)
  to   space 2048K, 0% used [0x00000000d6780000,0x00000000d6780000,0x00000000d6980000)
 ParOldGen       total 68608K, used 41316K [0x0000000080000000, 0x0000000084300000, 0x00000000d5580000)
  object space 68608K, 60% used [0x0000000080000000,0x00000000828593e8,0x0000000084300000)
 Metaspace       used 49826K, committed 51264K, reserved 1114112K
  class space    used 5403K, committed 6016K, reserved 1048576K
}
Event: 4.891 GC heap after
{Heap after GC invocations=31 (full 2):
 PSYoungGen      total 19968K, used 1632K [0x00000000d5580000, 0x00000000d6b00000, 0x0000000100000000)
  eden space 17920K, 0% used [0x00000000d5580000,0x00000000d5580000,0x00000000d6700000)
  from space 2048K, 79% used [0x00000000d6780000,0x00000000d6918000,0x00000000d6980000)
  to   space 1536K, 0% used [0x00000000d6980000,0x00000000d6980000,0x00000000d6b00000)
 ParOldGen       total 68608K, used 43124K [0x0000000080000000, 0x0000000084300000, 0x00000000d5580000)
  object space 68608K, 62% used [0x0000000080000000,0x0000000082a1d3f8,0x0000000084300000)
 Metaspace       used 49826K, committed 51264K, reserved 1114112K
  class space    used 5403K, committed 6016K, reserved 1048576K
}
Event: 4.922 GC heap before
{Heap before GC invocations=32 (full 2):
 PSYoungGen      total 19968K, used 19552K [0x00000000d5580000, 0x00000000d6b00000, 0x0000000100000000)
  eden space 17920K, 100% used [0x00000000d5580000,0x00000000d6700000,0x00000000d6700000)
  from space 2048K, 79% used [0x00000000d6780000,0x00000000d6918000,0x00000000d6980000)
  to   space 1536K, 0% used [0x00000000d6980000,0x00000000d6980000,0x00000000d6b00000)
 ParOldGen       total 68608K, used 43124K [0x0000000080000000, 0x0000000084300000, 0x00000000d5580000)
  object space 68608K, 62% used [0x0000000080000000,0x0000000082a1d3f8,0x0000000084300000)
 Metaspace       used 49911K, committed 51328K, reserved 1114112K
  class space    used 5404K, committed 6016K, reserved 1048576K
}
Event: 4.924 GC heap after
{Heap after GC invocations=32 (full 2):
 PSYoungGen      total 19456K, used 1528K [0x00000000d5580000, 0x00000000d6b00000, 0x0000000100000000)
  eden space 17920K, 0% used [0x00000000d5580000,0x00000000d5580000,0x00000000d6700000)
  from space 1536K, 99% used [0x00000000d6980000,0x00000000d6afe200,0x00000000d6b00000)
  to   space 2048K, 0% used [0x00000000d6780000,0x00000000d6780000,0x00000000d6980000)
 ParOldGen       total 68608K, used 44660K [0x0000000080000000, 0x0000000084300000, 0x00000000d5580000)
  object space 68608K, 65% used [0x0000000080000000,0x0000000082b9d3f8,0x0000000084300000)
 Metaspace       used 49911K, committed 51328K, reserved 1114112K
  class space    used 5404K, committed 6016K, reserved 1048576K
}

